{"/Users/Chris/hack-reactor/SDC/daysaweek-reviews/database-psql/index.js": {"path":"/Users/Chris/hack-reactor/SDC/daysaweek-reviews/database-psql/index.js","statementMap":{"0":{"start":{"line":1,"column":17},"end":{"line":1,"column":30}},"1":{"start":{"line":6,"column":13},"end":{"line":12,"column":2}},"2":{"start":{"line":14,"column":0},"end":{"line":17,"column":3}},"3":{"start":{"line":15,"column":2},"end":{"line":15,"column":55}},"4":{"start":{"line":16,"column":2},"end":{"line":16,"column":18}},"5":{"start":{"line":19,"column":0},"end":{"line":19,"column":22}}},"fnMap":{"0":{"name":"(anonymous_0)","decl":{"start":{"line":14,"column":17},"end":{"line":14,"column":18}},"loc":{"start":{"line":14,"column":34},"end":{"line":17,"column":1}},"line":14}},"branchMap":{},"s":{"0":2,"1":2,"2":2,"3":0,"4":0,"5":2},"f":{"0":0},"b":{},"_coverageSchema":"1a1c01bbd47fc00a2c39e90264f33305004495a9","hash":"9823fff6d779c624a23dacf15c82d5a709028279"}
,"/Users/Chris/hack-reactor/SDC/daysaweek-reviews/server/controllers.js": {"path":"/Users/Chris/hack-reactor/SDC/daysaweek-reviews/server/controllers.js","statementMap":{"0":{"start":{"line":1,"column":15},"end":{"line":1,"column":34}},"1":{"start":{"line":3,"column":0},"end":{"line":67,"column":2}},"2":{"start":{"line":5,"column":17},"end":{"line":5,"column":36}},"3":{"start":{"line":6,"column":18},"end":{"line":6,"column":38}},"4":{"start":{"line":7,"column":17},"end":{"line":7,"column":44}},"5":{"start":{"line":8,"column":22},"end":{"line":8,"column":43}},"6":{"start":{"line":10,"column":4},"end":{"line":16,"column":5}},"7":{"start":{"line":11,"column":17},"end":{"line":11,"column":76}},"8":{"start":{"line":12,"column":6},"end":{"line":12,"column":38}},"9":{"start":{"line":14,"column":6},"end":{"line":14,"column":23}},"10":{"start":{"line":15,"column":6},"end":{"line":15,"column":29}},"11":{"start":{"line":19,"column":22},"end":{"line":19,"column":43}},"12":{"start":{"line":21,"column":4},"end":{"line":27,"column":5}},"13":{"start":{"line":22,"column":17},"end":{"line":22,"column":65}},"14":{"start":{"line":23,"column":6},"end":{"line":23,"column":33}},"15":{"start":{"line":25,"column":6},"end":{"line":25,"column":23}},"16":{"start":{"line":26,"column":6},"end":{"line":26,"column":29}},"17":{"start":{"line":30,"column":23},"end":{"line":30,"column":38}},"18":{"start":{"line":32,"column":4},"end":{"line":42,"column":5}},"19":{"start":{"line":33,"column":17},"end":{"line":33,"column":55}},"20":{"start":{"line":34,"column":21},"end":{"line":34,"column":36}},"21":{"start":{"line":35,"column":22},"end":{"line":35,"column":89}},"22":{"start":{"line":36,"column":32},"end":{"line":36,"column":132}},"23":{"start":{"line":38,"column":6},"end":{"line":38,"column":33}},"24":{"start":{"line":40,"column":6},"end":{"line":40,"column":23}},"25":{"start":{"line":41,"column":6},"end":{"line":41,"column":29}},"26":{"start":{"line":45,"column":19},"end":{"line":45,"column":39}},"27":{"start":{"line":47,"column":4},"end":{"line":53,"column":5}},"28":{"start":{"line":48,"column":17},"end":{"line":48,"column":63}},"29":{"start":{"line":49,"column":6},"end":{"line":49,"column":29}},"30":{"start":{"line":51,"column":6},"end":{"line":51,"column":23}},"31":{"start":{"line":52,"column":6},"end":{"line":52,"column":29}},"32":{"start":{"line":57,"column":19},"end":{"line":57,"column":39}},"33":{"start":{"line":59,"column":4},"end":{"line":65,"column":5}},"34":{"start":{"line":60,"column":17},"end":{"line":60,"column":64}},"35":{"start":{"line":61,"column":6},"end":{"line":61,"column":29}},"36":{"start":{"line":63,"column":6},"end":{"line":63,"column":23}},"37":{"start":{"line":64,"column":6},"end":{"line":64,"column":29}}},"fnMap":{"0":{"name":"(anonymous_0)","decl":{"start":{"line":4,"column":14},"end":{"line":4,"column":15}},"loc":{"start":{"line":4,"column":34},"end":{"line":17,"column":3}},"line":4},"1":{"name":"(anonymous_1)","decl":{"start":{"line":18,"column":22},"end":{"line":18,"column":23}},"loc":{"start":{"line":18,"column":42},"end":{"line":28,"column":3}},"line":18},"2":{"name":"(anonymous_2)","decl":{"start":{"line":29,"column":13},"end":{"line":29,"column":14}},"loc":{"start":{"line":29,"column":33},"end":{"line":43,"column":3}},"line":29},"3":{"name":"(anonymous_3)","decl":{"start":{"line":44,"column":23},"end":{"line":44,"column":24}},"loc":{"start":{"line":44,"column":43},"end":{"line":55,"column":3}},"line":44},"4":{"name":"(anonymous_4)","decl":{"start":{"line":56,"column":24},"end":{"line":56,"column":25}},"loc":{"start":{"line":56,"column":44},"end":{"line":66,"column":3}},"line":56}},"branchMap":{"0":{"loc":{"start":{"line":5,"column":17},"end":{"line":5,"column":36}},"type":"binary-expr","locations":[{"start":{"line":5,"column":17},"end":{"line":5,"column":31}},{"start":{"line":5,"column":35},"end":{"line":5,"column":36}}],"line":5},"1":{"loc":{"start":{"line":6,"column":18},"end":{"line":6,"column":38}},"type":"binary-expr","locations":[{"start":{"line":6,"column":18},"end":{"line":6,"column":33}},{"start":{"line":6,"column":37},"end":{"line":6,"column":38}}],"line":6},"2":{"loc":{"start":{"line":7,"column":17},"end":{"line":7,"column":44}},"type":"binary-expr","locations":[{"start":{"line":7,"column":17},"end":{"line":7,"column":31}},{"start":{"line":7,"column":35},"end":{"line":7,"column":44}}],"line":7}},"s":{"0":1,"1":1,"2":1,"3":1,"4":1,"5":1,"6":1,"7":1,"8":1,"9":0,"10":0,"11":1,"12":1,"13":1,"14":0,"15":0,"16":0,"17":1,"18":1,"19":1,"20":0,"21":0,"22":0,"23":0,"24":1,"25":1,"26":1,"27":1,"28":1,"29":1,"30":0,"31":0,"32":1,"33":1,"34":1,"35":1,"36":0,"37":0},"f":{"0":1,"1":1,"2":1,"3":1,"4":1},"b":{"0":[1,1],"1":[1,1],"2":[1,1]},"_coverageSchema":"1a1c01bbd47fc00a2c39e90264f33305004495a9","hash":"5bc27db1132cae8c113f0821aeb59454bc1019ab"}
,"/Users/Chris/hack-reactor/SDC/daysaweek-reviews/server/index.js": {"path":"/Users/Chris/hack-reactor/SDC/daysaweek-reviews/server/index.js","statementMap":{"0":{"start":{"line":1,"column":16},"end":{"line":1,"column":34}},"1":{"start":{"line":2,"column":12},"end":{"line":2,"column":21}},"2":{"start":{"line":3,"column":19},"end":{"line":3,"column":41}},"3":{"start":{"line":4,"column":15},"end":{"line":4,"column":32}},"4":{"start":{"line":5,"column":15},"end":{"line":5,"column":34}},"5":{"start":{"line":6,"column":13},"end":{"line":6,"column":17}},"6":{"start":{"line":8,"column":0},"end":{"line":8,"column":23}},"7":{"start":{"line":9,"column":0},"end":{"line":9,"column":27}},"8":{"start":{"line":10,"column":0},"end":{"line":10,"column":21}},"9":{"start":{"line":12,"column":0},"end":{"line":14,"column":1}},"10":{"start":{"line":13,"column":2},"end":{"line":13,"column":75}},"11":{"start":{"line":13,"column":25},"end":{"line":13,"column":73}},"12":{"start":{"line":16,"column":0},"end":{"line":16,"column":21}}},"fnMap":{"0":{"name":"(anonymous_0)","decl":{"start":{"line":13,"column":19},"end":{"line":13,"column":20}},"loc":{"start":{"line":13,"column":25},"end":{"line":13,"column":73}},"line":13}},"branchMap":{"0":{"loc":{"start":{"line":12,"column":0},"end":{"line":14,"column":1}},"type":"if","locations":[{"start":{"line":12,"column":0},"end":{"line":14,"column":1}},{"start":{},"end":{}}],"line":12}},"s":{"0":1,"1":1,"2":1,"3":1,"4":1,"5":1,"6":1,"7":1,"8":1,"9":1,"10":0,"11":0,"12":1},"f":{"0":0},"b":{"0":[0,1]},"_coverageSchema":"1a1c01bbd47fc00a2c39e90264f33305004495a9","hash":"59f11e23819ab7ca2e7f6f9bf079f511068734fb"}
,"/Users/Chris/hack-reactor/SDC/daysaweek-reviews/server/models.js": {"path":"/Users/Chris/hack-reactor/SDC/daysaweek-reviews/server/models.js","statementMap":{"0":{"start":{"line":1,"column":13},"end":{"line":1,"column":46}},"1":{"start":{"line":3,"column":25},"end":{"line":39,"column":1}},"2":{"start":{"line":4,"column":2},"end":{"line":6,"column":3}},"3":{"start":{"line":5,"column":4},"end":{"line":5,"column":33}},"4":{"start":{"line":8,"column":2},"end":{"line":10,"column":3}},"5":{"start":{"line":9,"column":4},"end":{"line":9,"column":40}},"6":{"start":{"line":12,"column":2},"end":{"line":14,"column":3}},"7":{"start":{"line":13,"column":4},"end":{"line":13,"column":53}},"8":{"start":{"line":16,"column":17},"end":{"line":16,"column":39}},"9":{"start":{"line":18,"column":16},"end":{"line":33,"column":22}},"10":{"start":{"line":35,"column":17},"end":{"line":35,"column":37}},"11":{"start":{"line":36,"column":15},"end":{"line":36,"column":40}},"12":{"start":{"line":37,"column":2},"end":{"line":37,"column":19}},"13":{"start":{"line":38,"column":2},"end":{"line":38,"column":14}},"14":{"start":{"line":41,"column":33},"end":{"line":114,"column":1}},"15":{"start":{"line":42,"column":16},"end":{"line":84,"column":29}},"16":{"start":{"line":86,"column":30},"end":{"line":108,"column":3}},"17":{"start":{"line":87,"column":29},"end":{"line":87,"column":31}},"18":{"start":{"line":88,"column":31},"end":{"line":88,"column":33}},"19":{"start":{"line":89,"column":35},"end":{"line":89,"column":37}},"20":{"start":{"line":90,"column":4},"end":{"line":90,"column":24}},"21":{"start":{"line":92,"column":4},"end":{"line":94,"column":7}},"22":{"start":{"line":93,"column":6},"end":{"line":93,"column":68}},"23":{"start":{"line":95,"column":4},"end":{"line":95,"column":38}},"24":{"start":{"line":97,"column":4},"end":{"line":99,"column":7}},"25":{"start":{"line":98,"column":6},"end":{"line":98,"column":85}},"26":{"start":{"line":100,"column":4},"end":{"line":100,"column":46}},"27":{"start":{"line":102,"column":4},"end":{"line":104,"column":7}},"28":{"start":{"line":103,"column":6},"end":{"line":103,"column":115}},"29":{"start":{"line":105,"column":4},"end":{"line":105,"column":54}},"30":{"start":{"line":107,"column":4},"end":{"line":107,"column":16}},"31":{"start":{"line":110,"column":17},"end":{"line":110,"column":37}},"32":{"start":{"line":111,"column":15},"end":{"line":111,"column":40}},"33":{"start":{"line":112,"column":2},"end":{"line":112,"column":19}},"34":{"start":{"line":113,"column":2},"end":{"line":113,"column":35}},"35":{"start":{"line":116,"column":22},"end":{"line":128,"column":1}},"36":{"start":{"line":117,"column":16},"end":{"line":120,"column":70}},"37":{"start":{"line":122,"column":17},"end":{"line":122,"column":37}},"38":{"start":{"line":123,"column":23},"end":{"line":123,"column":68}},"39":{"start":{"line":125,"column":15},"end":{"line":125,"column":54}},"40":{"start":{"line":126,"column":2},"end":{"line":126,"column":19}},"41":{"start":{"line":127,"column":2},"end":{"line":127,"column":14}},"42":{"start":{"line":130,"column":37},"end":{"line":143,"column":1}},"43":{"start":{"line":131,"column":16},"end":{"line":134,"column":105}},"44":{"start":{"line":135,"column":2},"end":{"line":135,"column":41}},"45":{"start":{"line":136,"column":17},"end":{"line":136,"column":37}},"46":{"start":{"line":137,"column":15},"end":{"line":140,"column":4}},"47":{"start":{"line":141,"column":2},"end":{"line":141,"column":19}},"48":{"start":{"line":142,"column":2},"end":{"line":142,"column":14}},"49":{"start":{"line":145,"column":22},"end":{"line":157,"column":1}},"50":{"start":{"line":146,"column":16},"end":{"line":151,"column":20}},"51":{"start":{"line":153,"column":17},"end":{"line":153,"column":37}},"52":{"start":{"line":154,"column":15},"end":{"line":154,"column":40}},"53":{"start":{"line":155,"column":2},"end":{"line":155,"column":19}},"54":{"start":{"line":156,"column":2},"end":{"line":156,"column":14}},"55":{"start":{"line":159,"column":32},"end":{"line":166,"column":1}},"56":{"start":{"line":160,"column":16},"end":{"line":160,"column":89}},"57":{"start":{"line":162,"column":17},"end":{"line":162,"column":37}},"58":{"start":{"line":163,"column":15},"end":{"line":163,"column":40}},"59":{"start":{"line":164,"column":2},"end":{"line":164,"column":19}},"60":{"start":{"line":165,"column":2},"end":{"line":165,"column":14}},"61":{"start":{"line":168,"column":33},"end":{"line":175,"column":1}},"62":{"start":{"line":169,"column":16},"end":{"line":169,"column":78}},"63":{"start":{"line":171,"column":17},"end":{"line":171,"column":37}},"64":{"start":{"line":172,"column":15},"end":{"line":172,"column":40}},"65":{"start":{"line":173,"column":2},"end":{"line":173,"column":19}},"66":{"start":{"line":174,"column":2},"end":{"line":174,"column":14}},"67":{"start":{"line":177,"column":0},"end":{"line":185,"column":1}}},"fnMap":{"0":{"name":"(anonymous_0)","decl":{"start":{"line":3,"column":25},"end":{"line":3,"column":26}},"loc":{"start":{"line":3,"column":65},"end":{"line":39,"column":1}},"line":3},"1":{"name":"(anonymous_1)","decl":{"start":{"line":41,"column":33},"end":{"line":41,"column":34}},"loc":{"start":{"line":41,"column":54},"end":{"line":114,"column":1}},"line":41},"2":{"name":"(anonymous_2)","decl":{"start":{"line":86,"column":30},"end":{"line":86,"column":31}},"loc":{"start":{"line":86,"column":40},"end":{"line":108,"column":3}},"line":86},"3":{"name":"(anonymous_3)","decl":{"start":{"line":92,"column":25},"end":{"line":92,"column":26}},"loc":{"start":{"line":92,"column":34},"end":{"line":94,"column":5}},"line":92},"4":{"name":"(anonymous_4)","decl":{"start":{"line":97,"column":29},"end":{"line":97,"column":30}},"loc":{"start":{"line":97,"column":38},"end":{"line":99,"column":5}},"line":97},"5":{"name":"(anonymous_5)","decl":{"start":{"line":102,"column":33},"end":{"line":102,"column":34}},"loc":{"start":{"line":102,"column":42},"end":{"line":104,"column":5}},"line":102},"6":{"name":"(anonymous_6)","decl":{"start":{"line":116,"column":22},"end":{"line":116,"column":23}},"loc":{"start":{"line":116,"column":54},"end":{"line":128,"column":1}},"line":116},"7":{"name":"(anonymous_7)","decl":{"start":{"line":130,"column":37},"end":{"line":130,"column":38}},"loc":{"start":{"line":130,"column":78},"end":{"line":143,"column":1}},"line":130},"8":{"name":"(anonymous_8)","decl":{"start":{"line":145,"column":22},"end":{"line":145,"column":23}},"loc":{"start":{"line":145,"column":112},"end":{"line":157,"column":1}},"line":145},"9":{"name":"(anonymous_9)","decl":{"start":{"line":159,"column":32},"end":{"line":159,"column":33}},"loc":{"start":{"line":159,"column":52},"end":{"line":166,"column":1}},"line":159},"10":{"name":"(anonymous_10)","decl":{"start":{"line":168,"column":33},"end":{"line":168,"column":34}},"loc":{"start":{"line":168,"column":53},"end":{"line":175,"column":1}},"line":168}},"branchMap":{"0":{"loc":{"start":{"line":4,"column":2},"end":{"line":6,"column":3}},"type":"if","locations":[{"start":{"line":4,"column":2},"end":{"line":6,"column":3}},{"start":{},"end":{}}],"line":4},"1":{"loc":{"start":{"line":8,"column":2},"end":{"line":10,"column":3}},"type":"if","locations":[{"start":{"line":8,"column":2},"end":{"line":10,"column":3}},{"start":{},"end":{}}],"line":8},"2":{"loc":{"start":{"line":12,"column":2},"end":{"line":14,"column":3}},"type":"if","locations":[{"start":{"line":12,"column":2},"end":{"line":14,"column":3}},{"start":{},"end":{}}],"line":12}},"s":{"0":2,"1":2,"2":2,"3":0,"4":2,"5":2,"6":2,"7":0,"8":2,"9":2,"10":2,"11":2,"12":2,"13":2,"14":2,"15":2,"16":2,"17":0,"18":0,"19":0,"20":0,"21":0,"22":0,"23":0,"24":0,"25":0,"26":0,"27":0,"28":0,"29":0,"30":0,"31":2,"32":2,"33":0,"34":0,"35":2,"36":0,"37":0,"38":0,"39":0,"40":0,"41":0,"42":2,"43":0,"44":0,"45":0,"46":0,"47":0,"48":0,"49":2,"50":2,"51":2,"52":2,"53":1,"54":1,"55":2,"56":1,"57":1,"58":1,"59":1,"60":1,"61":2,"62":1,"63":1,"64":1,"65":1,"66":1,"67":2},"f":{"0":2,"1":2,"2":0,"3":0,"4":0,"5":0,"6":0,"7":0,"8":2,"9":1,"10":1},"b":{"0":[0,2],"1":[2,0],"2":[0,2]},"_coverageSchema":"1a1c01bbd47fc00a2c39e90264f33305004495a9","hash":"9415f8075f0d6c224d5700325960a86ec9f55b9f"}
,"/Users/Chris/hack-reactor/SDC/daysaweek-reviews/server/routes.js": {"path":"/Users/Chris/hack-reactor/SDC/daysaweek-reviews/server/routes.js","statementMap":{"0":{"start":{"line":1,"column":15},"end":{"line":1,"column":42}},"1":{"start":{"line":2,"column":20},"end":{"line":2,"column":44}},"2":{"start":{"line":4,"column":0},"end":{"line":4,"column":63}},"3":{"start":{"line":5,"column":0},"end":{"line":5,"column":76}},"4":{"start":{"line":6,"column":0},"end":{"line":6,"column":51}},"5":{"start":{"line":7,"column":0},"end":{"line":7,"column":79}},"6":{"start":{"line":8,"column":0},"end":{"line":8,"column":79}},"7":{"start":{"line":10,"column":0},"end":{"line":10,"column":24}}},"fnMap":{},"branchMap":{},"s":{"0":1,"1":1,"2":1,"3":1,"4":1,"5":1,"6":1,"7":1},"f":{},"b":{},"_coverageSchema":"1a1c01bbd47fc00a2c39e90264f33305004495a9","hash":"1861b60f5ff408f7cd8283d0706341884eff04a0"}
,"/Users/Chris/hack-reactor/SDC/daysaweek-reviews/server/sum.js": {"path":"/Users/Chris/hack-reactor/SDC/daysaweek-reviews/server/sum.js","statementMap":{"0":{"start":{"line":2,"column":2},"end":{"line":2,"column":15}},"1":{"start":{"line":5,"column":0},"end":{"line":5,"column":21}}},"fnMap":{"0":{"name":"sum","decl":{"start":{"line":1,"column":9},"end":{"line":1,"column":12}},"loc":{"start":{"line":1,"column":19},"end":{"line":3,"column":1}},"line":1}},"branchMap":{},"s":{"0":1,"1":1},"f":{"0":1},"b":{},"_coverageSchema":"1a1c01bbd47fc00a2c39e90264f33305004495a9","hash":"ffcf838e8126ac44c87a8df647b1e9ab38f3198f"}
}
