TN:
SF:database-psql/index.js
FN:14,(anonymous_0)
FNF:1
FNH:0
FNDA:0,(anonymous_0)
DA:1,2
DA:6,2
DA:14,2
DA:15,0
DA:16,0
DA:19,2
LF:6
LH:4
BRF:0
BRH:0
end_of_record
TN:
SF:server/controllers.js
FN:4,(anonymous_0)
FN:18,(anonymous_1)
FN:29,(anonymous_2)
FN:44,(anonymous_3)
FN:56,(anonymous_4)
FNF:5
FNH:5
FNDA:1,(anonymous_0)
FNDA:1,(anonymous_1)
FNDA:1,(anonymous_2)
FNDA:1,(anonymous_3)
FNDA:1,(anonymous_4)
DA:1,1
DA:3,1
DA:5,1
DA:6,1
DA:7,1
DA:8,1
DA:10,1
DA:11,1
DA:12,1
DA:14,0
DA:15,0
DA:19,1
DA:21,1
DA:22,1
DA:23,0
DA:25,0
DA:26,0
DA:30,1
DA:32,1
DA:33,1
DA:34,0
DA:35,0
DA:36,0
DA:38,0
DA:40,1
DA:41,1
DA:45,1
DA:47,1
DA:48,1
DA:49,1
DA:51,0
DA:52,0
DA:57,1
DA:59,1
DA:60,1
DA:61,1
DA:63,0
DA:64,0
LF:38
LH:25
BRDA:5,0,0,1
BRDA:5,0,1,1
BRDA:6,1,0,1
BRDA:6,1,1,1
BRDA:7,2,0,1
BRDA:7,2,1,1
BRF:6
BRH:6
end_of_record
TN:
SF:server/index.js
FN:13,(anonymous_0)
FNF:1
FNH:0
FNDA:0,(anonymous_0)
DA:1,1
DA:2,1
DA:3,1
DA:4,1
DA:5,1
DA:6,1
DA:8,1
DA:9,1
DA:10,1
DA:12,1
DA:13,0
DA:16,1
LF:12
LH:11
BRDA:12,0,0,0
BRDA:12,0,1,1
BRF:2
BRH:1
end_of_record
TN:
SF:server/models.js
FN:3,(anonymous_0)
FN:41,(anonymous_1)
FN:86,(anonymous_2)
FN:92,(anonymous_3)
FN:97,(anonymous_4)
FN:102,(anonymous_5)
FN:116,(anonymous_6)
FN:130,(anonymous_7)
FN:145,(anonymous_8)
FN:159,(anonymous_9)
FN:168,(anonymous_10)
FNF:11
FNH:5
FNDA:2,(anonymous_0)
FNDA:2,(anonymous_1)
FNDA:0,(anonymous_2)
FNDA:0,(anonymous_3)
FNDA:0,(anonymous_4)
FNDA:0,(anonymous_5)
FNDA:0,(anonymous_6)
FNDA:0,(anonymous_7)
FNDA:2,(anonymous_8)
FNDA:1,(anonymous_9)
FNDA:1,(anonymous_10)
DA:1,2
DA:3,2
DA:4,2
DA:5,0
DA:8,2
DA:9,2
DA:12,2
DA:13,0
DA:16,2
DA:18,2
DA:35,2
DA:36,2
DA:37,2
DA:38,2
DA:41,2
DA:42,2
DA:86,2
DA:87,0
DA:88,0
DA:89,0
DA:90,0
DA:92,0
DA:93,0
DA:95,0
DA:97,0
DA:98,0
DA:100,0
DA:102,0
DA:103,0
DA:105,0
DA:107,0
DA:110,2
DA:111,2
DA:112,0
DA:113,0
DA:116,2
DA:117,0
DA:122,0
DA:123,0
DA:125,0
DA:126,0
DA:127,0
DA:130,2
DA:131,0
DA:135,0
DA:136,0
DA:137,0
DA:141,0
DA:142,0
DA:145,2
DA:146,2
DA:153,2
DA:154,2
DA:155,1
DA:156,1
DA:159,2
DA:160,1
DA:162,1
DA:163,1
DA:164,1
DA:165,1
DA:168,2
DA:169,1
DA:171,1
DA:172,1
DA:173,1
DA:174,1
DA:177,2
LF:68
LH:38
BRDA:4,0,0,0
BRDA:4,0,1,2
BRDA:8,1,0,2
BRDA:8,1,1,0
BRDA:12,2,0,0
BRDA:12,2,1,2
BRF:6
BRH:3
end_of_record
TN:
SF:server/routes.js
FNF:0
FNH:0
DA:1,1
DA:2,1
DA:4,1
DA:5,1
DA:6,1
DA:7,1
DA:8,1
DA:10,1
LF:8
LH:8
BRF:0
BRH:0
end_of_record
TN:
SF:server/sum.js
FN:1,sum
FNF:1
FNH:1
FNDA:1,sum
DA:2,1
DA:5,1
LF:2
LH:2
BRF:0
BRH:0
end_of_record
